
> lit-sdk-server@1.0.0 start
> node server.js

[Lit-JS-SDK v6.11.0] [2024-11-18T11:11:10.033Z] [36m[DEBUG][0m [core] ✅ [BLS SDK] wasmExports loaded. 12 functions available. Run 'wasmExports' in the console to see them.
[Lit-JS-SDK v6.11.0] [2024-11-18T11:11:10.034Z] [36m[DEBUG][0m [core] ✅ [ECDSA SDK NodeJS] wasmECDSA loaded. 7 functions available. Run 'wasmECDSA' in the console to see them.
[Lit-JS-SDK v6.11.0] [2024-11-18T11:11:10.034Z] [36m[DEBUG][0m [core] ✅ [SEV SNP Utils SDK] wasmSevSnpUtils loaded. 13 functions available. Run 'wasmSevSnpUtils' in the console to see them.
[Lit-JS-SDK v6.11.0] [2024-11-18T11:11:10.736Z] [36m[DEBUG][0m [contract-sdk] Validator's URL: https://15.235.83.220:7470
[Lit-JS-SDK v6.11.0] [2024-11-18T11:11:10.737Z] [36m[DEBUG][0m [core] [_getValidatorData] epochInfo:  {
  epochLength: 300,
  number: 22504,
  endTime: 1730943027,
  retries: 0,
  timeout: 60
}
[Lit-JS-SDK v6.11.0] [2024-11-18T11:11:10.738Z] [36m[DEBUG][0m [core] [_getValidatorData] minNodeCount:  2
[Lit-JS-SDK v6.11.0] [2024-11-18T11:11:10.739Z] [36m[DEBUG][0m [core] [_getValidatorData] Bootstrap urls:  [
  'https://15.235.83.220:7470',
  'https://15.235.83.220:7472',
  'https://15.235.83.220:7471'
]
[Lit-JS-SDK v6.11.0] [2024-11-18T11:11:10.739Z] [36m[DEBUG][0m [core] [_getValidatorData] stakingContract:  0xD4507CD392Af2c80919219d7896508728f6A623F
[Lit-JS-SDK v6.11.0] [2024-11-18T11:11:10.740Z] [36m[DEBUG][0m [core] handshakeWithNode https://15.235.83.220:7470/web/handshake/
[Lit-JS-SDK v6.11.0] [2024-11-18T11:11:10.741Z] [36m[DEBUG][0m [core] [36m[id: 72ed2f961a0f5][0m sendCommandToNode with url https://15.235.83.220:7470/web/handshake/ and data {
  clientPublicKey: 'test',
  challenge: 'f306ec4bd0547d73be4baa8a454664e1d896a150d0a5ed5c9350b8961d8a0e5b',
  epoch: 22504
}
[Lit-JS-SDK v6.11.0] [2024-11-18T11:11:10.747Z] [36m[DEBUG][0m [core] handshakeWithNode https://15.235.83.220:7472/web/handshake/
[Lit-JS-SDK v6.11.0] [2024-11-18T11:11:10.747Z] [36m[DEBUG][0m [core] [36m[id: 72ed2f961a0f5][0m sendCommandToNode with url https://15.235.83.220:7472/web/handshake/ and data {
  clientPublicKey: 'test',
  challenge: '7e6f74f44f718e8100d12ae6e6c2b6d081215da13b7a7344f63cba17c1a449b8',
  epoch: 22504
}
[Lit-JS-SDK v6.11.0] [2024-11-18T11:11:10.748Z] [36m[DEBUG][0m [core] handshakeWithNode https://15.235.83.220:7471/web/handshake/
[Lit-JS-SDK v6.11.0] [2024-11-18T11:11:10.748Z] [36m[DEBUG][0m [core] [36m[id: 72ed2f961a0f5][0m sendCommandToNode with url https://15.235.83.220:7471/web/handshake/ and data {
  clientPublicKey: 'test',
  challenge: 'ac5cfe757d772c081c501e48c0aee29ec093509db3c27566653daa2f8d7a9a61',
  epoch: 22504
}
[Lit-JS-SDK v6.11.0] [2024-11-18T11:11:11.602Z] [36m[DEBUG][0m [core] Handshake with https://15.235.83.220:7472 returned keys:  {
  serverPubKey: '',
  subnetPubKey: '82b7ec4aac62a87aba55f6920862e021df37c445a075e72d87a64c3573aea67cfbb59a7be671e785fb3cb05d242cf2e6',
  networkPubKey: '82b7ec4aac62a87aba55f6920862e021df37c445a075e72d87a64c3573aea67cfbb59a7be671e785fb3cb05d242cf2e6',
  networkPubKeySet: '82b7ec4aac62a87aba55f6920862e021df37c445a075e72d87a64c3573aea67cfbb59a7be671e785fb3cb05d242cf2e6',
  hdRootPubkeys: [
    '03ab0ccc2dc8a3d9c2de9a7421b171475a09e60cb546fe446a9d0c3aadb8f639ae',
    '03b6300abf338b504b7b49eb83b59554d12232b9f390f6bb5bf06150b812678b53',
    '039911489c48624554fef51f37323053953def50ed3b40e69620d0a6bcb4ffdc2f',
    '034feeda3a7912131c980ae8b6376611dd5052d574979247d64da8bb1446e240d7',
    '023dd81dba4b89da5e4c3dec5da93ba0e1addc0eafbe03487450c42e28628570d1',
    '0346ac7da954f1b8ee891b79eb8cf45bafef62c85dffc1dc41e4b755bc0428689f',
    '0222be55763b2339daf0c149e5e6e927894e0667671de47a591fc24f38eef48cd3',
    '0313cce430e8c79053e02460e880ec36f1d64763617b47e0a2f83d06caae86c27a',
    '023e4f4020ea03b0631b02cbb595631e6bbbd563f1fe9f1cf953b29ea8a2d26a85',
    '0332914fa7b8ca6083139bb969650c26b092fe9990ef188daada9e4049bef58899'
  ],
  latestBlockhash: '0x818a635b83563d9d1cb963496d91069293a5e044a8b95a73d98019bff3fa6412'
}
[Lit-JS-SDK v6.11.0] [2024-11-18T11:11:11.610Z] [36m[DEBUG][0m [core] Handshake with https://15.235.83.220:7471 returned keys:  {
  serverPubKey: '',
  subnetPubKey: '82b7ec4aac62a87aba55f6920862e021df37c445a075e72d87a64c3573aea67cfbb59a7be671e785fb3cb05d242cf2e6',
  networkPubKey: '82b7ec4aac62a87aba55f6920862e021df37c445a075e72d87a64c3573aea67cfbb59a7be671e785fb3cb05d242cf2e6',
  networkPubKeySet: '82b7ec4aac62a87aba55f6920862e021df37c445a075e72d87a64c3573aea67cfbb59a7be671e785fb3cb05d242cf2e6',
  hdRootPubkeys: [
    '03ab0ccc2dc8a3d9c2de9a7421b171475a09e60cb546fe446a9d0c3aadb8f639ae',
    '03b6300abf338b504b7b49eb83b59554d12232b9f390f6bb5bf06150b812678b53',
    '039911489c48624554fef51f37323053953def50ed3b40e69620d0a6bcb4ffdc2f',
    '034feeda3a7912131c980ae8b6376611dd5052d574979247d64da8bb1446e240d7',
    '023dd81dba4b89da5e4c3dec5da93ba0e1addc0eafbe03487450c42e28628570d1',
    '0346ac7da954f1b8ee891b79eb8cf45bafef62c85dffc1dc41e4b755bc0428689f',
    '0222be55763b2339daf0c149e5e6e927894e0667671de47a591fc24f38eef48cd3',
    '0313cce430e8c79053e02460e880ec36f1d64763617b47e0a2f83d06caae86c27a',
    '023e4f4020ea03b0631b02cbb595631e6bbbd563f1fe9f1cf953b29ea8a2d26a85',
    '0332914fa7b8ca6083139bb969650c26b092fe9990ef188daada9e4049bef58899'
  ],
  latestBlockhash: '0x818a635b83563d9d1cb963496d91069293a5e044a8b95a73d98019bff3fa6412'
}
[Lit-JS-SDK v6.11.0] [2024-11-18T11:11:11.615Z] [36m[DEBUG][0m [core] Handshake with https://15.235.83.220:7470 returned keys:  {
  serverPubKey: '',
  subnetPubKey: '82b7ec4aac62a87aba55f6920862e021df37c445a075e72d87a64c3573aea67cfbb59a7be671e785fb3cb05d242cf2e6',
  networkPubKey: '82b7ec4aac62a87aba55f6920862e021df37c445a075e72d87a64c3573aea67cfbb59a7be671e785fb3cb05d242cf2e6',
  networkPubKeySet: '82b7ec4aac62a87aba55f6920862e021df37c445a075e72d87a64c3573aea67cfbb59a7be671e785fb3cb05d242cf2e6',
  hdRootPubkeys: [
    '03ab0ccc2dc8a3d9c2de9a7421b171475a09e60cb546fe446a9d0c3aadb8f639ae',
    '03b6300abf338b504b7b49eb83b59554d12232b9f390f6bb5bf06150b812678b53',
    '039911489c48624554fef51f37323053953def50ed3b40e69620d0a6bcb4ffdc2f',
    '034feeda3a7912131c980ae8b6376611dd5052d574979247d64da8bb1446e240d7',
    '023dd81dba4b89da5e4c3dec5da93ba0e1addc0eafbe03487450c42e28628570d1',
    '0346ac7da954f1b8ee891b79eb8cf45bafef62c85dffc1dc41e4b755bc0428689f',
    '0222be55763b2339daf0c149e5e6e927894e0667671de47a591fc24f38eef48cd3',
    '0313cce430e8c79053e02460e880ec36f1d64763617b47e0a2f83d06caae86c27a',
    '023e4f4020ea03b0631b02cbb595631e6bbbd563f1fe9f1cf953b29ea8a2d26a85',
    '0332914fa7b8ca6083139bb969650c26b092fe9990ef188daada9e4049bef58899'
  ],
  latestBlockhash: '0x818a635b83563d9d1cb963496d91069293a5e044a8b95a73d98019bff3fa6412'
}
[Lit-JS-SDK v6.11.0] [2024-11-18T11:11:11.615Z] [36m[DEBUG][0m [core] listening for state change on staking contract:  0xD4507CD392Af2c80919219d7896508728f6A623F
[Lit-JS-SDK v6.11.0] [2024-11-18T11:11:11.616Z] [36m[DEBUG][0m [core] 🔥 lit is ready. "litNodeClient" variable is ready to use globally.
[Lit-JS-SDK v6.11.0] [2024-11-18T11:11:11.616Z] [36m[DEBUG][0m [core] current network config {
  networkPubkey: '82b7ec4aac62a87aba55f6920862e021df37c445a075e72d87a64c3573aea67cfbb59a7be671e785fb3cb05d242cf2e6',
  networkPubKeySet: '82b7ec4aac62a87aba55f6920862e021df37c445a075e72d87a64c3573aea67cfbb59a7be671e785fb3cb05d242cf2e6',
  hdRootPubkeys: [
    '03ab0ccc2dc8a3d9c2de9a7421b171475a09e60cb546fe446a9d0c3aadb8f639ae',
    '03b6300abf338b504b7b49eb83b59554d12232b9f390f6bb5bf06150b812678b53',
    '039911489c48624554fef51f37323053953def50ed3b40e69620d0a6bcb4ffdc2f',
    '034feeda3a7912131c980ae8b6376611dd5052d574979247d64da8bb1446e240d7',
    '023dd81dba4b89da5e4c3dec5da93ba0e1addc0eafbe03487450c42e28628570d1',
    '0346ac7da954f1b8ee891b79eb8cf45bafef62c85dffc1dc41e4b755bc0428689f',
    '0222be55763b2339daf0c149e5e6e927894e0667671de47a591fc24f38eef48cd3',
    '0313cce430e8c79053e02460e880ec36f1d64763617b47e0a2f83d06caae86c27a',
    '023e4f4020ea03b0631b02cbb595631e6bbbd563f1fe9f1cf953b29ea8a2d26a85',
    '0332914fa7b8ca6083139bb969650c26b092fe9990ef188daada9e4049bef58899'
  ],
  subnetPubkey: '82b7ec4aac62a87aba55f6920862e021df37c445a075e72d87a64c3573aea67cfbb59a7be671e785fb3cb05d242cf2e6',
  latestBlockhash: '0x818a635b83563d9d1cb963496d91069293a5e044a8b95a73d98019bff3fa6412'
}
Server running at http://localhost:3092
network block skew detected; skipping block events (emitted=1298429 blockNumber1300478)
network block skew detected; skipping block events (emitted=1302372 blockNumber1304656)
network block skew detected; skipping block events (emitted=1304947 blockNumber1306133)
network block skew detected; skipping block events (emitted=1314263 blockNumber1316249)
network block skew detected; skipping block events (emitted=1317817 blockNumber1319258)
network block skew detected; skipping block events (emitted=1350081 blockNumber1351100)
network block skew detected; skipping block events (emitted=1351263 blockNumber1352667)
network block skew detected; skipping block events (emitted=1353637 blockNumber1354705)
network block skew detected; skipping block events (emitted=1354960 blockNumber1378081)
