Sat, 04 Jan 2025 00:33:57 GMT lit-js-sdk:constants:errors deprecated LitErrorKind is deprecated and will be removed in a future version. Use LIT_ERROR_KIND instead. at bundled_server.js:9:50
Sat, 04 Jan 2025 00:33:57 GMT lit-js-sdk:constants:constants deprecated LitNetwork is deprecated and will be removed in a future version. Use LIT_NETWORK instead. at node:events:633:28
Sat, 04 Jan 2025 00:33:57 GMT lit-js-sdk:constants:constants deprecated LogLevel is deprecated and will be removed in a future version. Use LOG_LEVEL instead. at node:events:633:28
[Lit-JS-SDK v7.0.1-alpha-0] [2025-01-04T00:33:57.618Z] [36m[DEBUG][0m [contract-sdk] Validator's URL: https://15.235.83.220:7470
[Lit-JS-SDK v7.0.1-alpha-0] [2025-01-04T00:33:57.619Z] [36m[DEBUG][0m [core] [_getValidatorData] epochInfo:  {
  epochLength: 300,
  number: 22504,
  endTime: 1730943027,
  retries: 0,
  timeout: 60
}
[Lit-JS-SDK v7.0.1-alpha-0] [2025-01-04T00:33:57.620Z] [36m[DEBUG][0m [core] [_getValidatorData] minNodeCount:  2
[Lit-JS-SDK v7.0.1-alpha-0] [2025-01-04T00:33:57.621Z] [36m[DEBUG][0m [core] [_getValidatorData] Bootstrap urls:  [
  'https://15.235.83.220:7470',
  'https://15.235.83.220:7472',
  'https://15.235.83.220:7471'
]
[Lit-JS-SDK v7.0.1-alpha-0] [2025-01-04T00:33:57.621Z] [36m[DEBUG][0m [core] [_getValidatorData] stakingContract:  0xD4507CD392Af2c80919219d7896508728f6A623F
[Lit-JS-SDK v7.0.1-alpha-0] [2025-01-04T00:33:57.622Z] [36m[DEBUG][0m [core] handshakeWithNode https://15.235.83.220:7470/web/handshake/
[Lit-JS-SDK v7.0.1-alpha-0] [2025-01-04T00:33:57.622Z] [36m[DEBUG][0m [core] [36m[id: 1ef3225ce536][0m sendCommandToNode with url https://15.235.83.220:7470/web/handshake/ and data {
  clientPublicKey: 'test',
  challenge: '5838da94491cb11b795a1f9424ff4df2d60f1efabd6169559d91317e11234873',
  epoch: 22504
}
[Lit-JS-SDK v7.0.1-alpha-0] [2025-01-04T00:33:57.633Z] [36m[DEBUG][0m [core] handshakeWithNode https://15.235.83.220:7472/web/handshake/
[Lit-JS-SDK v7.0.1-alpha-0] [2025-01-04T00:33:57.633Z] [36m[DEBUG][0m [core] [36m[id: 1ef3225ce536][0m sendCommandToNode with url https://15.235.83.220:7472/web/handshake/ and data {
  clientPublicKey: 'test',
  challenge: 'a5673b38e9262fd86720f5d654ca0961365958beabff2d34b3d89169391ed551',
  epoch: 22504
}
[Lit-JS-SDK v7.0.1-alpha-0] [2025-01-04T00:33:57.634Z] [36m[DEBUG][0m [core] handshakeWithNode https://15.235.83.220:7471/web/handshake/
[Lit-JS-SDK v7.0.1-alpha-0] [2025-01-04T00:33:57.634Z] [36m[DEBUG][0m [core] [36m[id: 1ef3225ce536][0m sendCommandToNode with url https://15.235.83.220:7471/web/handshake/ and data {
  clientPublicKey: 'test',
  challenge: '40873dd5738f737c4877e2d644acf751a7751d5aa3f089c513a8afb3248750a2',
  epoch: 22504
}
[Lit-JS-SDK v7.0.1-alpha-0] [2025-01-04T00:33:57.907Z] [36m[DEBUG][0m [core] Handshake with https://15.235.83.220:7472 returned keys:  {
  serverPubKey: '',
  subnetPubKey: '82b7ec4aac62a87aba55f6920862e021df37c445a075e72d87a64c3573aea67cfbb59a7be671e785fb3cb05d242cf2e6',
  networkPubKey: '82b7ec4aac62a87aba55f6920862e021df37c445a075e72d87a64c3573aea67cfbb59a7be671e785fb3cb05d242cf2e6',
  networkPubKeySet: '82b7ec4aac62a87aba55f6920862e021df37c445a075e72d87a64c3573aea67cfbb59a7be671e785fb3cb05d242cf2e6',
  hdRootPubkeys: [
    '03ab0ccc2dc8a3d9c2de9a7421b171475a09e60cb546fe446a9d0c3aadb8f639ae',
    '03b6300abf338b504b7b49eb83b59554d12232b9f390f6bb5bf06150b812678b53',
    '039911489c48624554fef51f37323053953def50ed3b40e69620d0a6bcb4ffdc2f',
    '034feeda3a7912131c980ae8b6376611dd5052d574979247d64da8bb1446e240d7',
    '023dd81dba4b89da5e4c3dec5da93ba0e1addc0eafbe03487450c42e28628570d1',
    '0346ac7da954f1b8ee891b79eb8cf45bafef62c85dffc1dc41e4b755bc0428689f',
    '0222be55763b2339daf0c149e5e6e927894e0667671de47a591fc24f38eef48cd3',
    '0313cce430e8c79053e02460e880ec36f1d64763617b47e0a2f83d06caae86c27a',
    '023e4f4020ea03b0631b02cbb595631e6bbbd563f1fe9f1cf953b29ea8a2d26a85',
    '0332914fa7b8ca6083139bb969650c26b092fe9990ef188daada9e4049bef58899'
  ],
  latestBlockhash: '0xe7db9b3e4f4b1dfcf550b52352a9a1abdc147aff19bf1d878b031a98613e3932'
}
[Lit-JS-SDK v7.0.1-alpha-0] [2025-01-04T00:33:57.910Z] [36m[DEBUG][0m [core] Handshake with https://15.235.83.220:7470 returned keys:  {
  serverPubKey: '',
  subnetPubKey: '82b7ec4aac62a87aba55f6920862e021df37c445a075e72d87a64c3573aea67cfbb59a7be671e785fb3cb05d242cf2e6',
  networkPubKey: '82b7ec4aac62a87aba55f6920862e021df37c445a075e72d87a64c3573aea67cfbb59a7be671e785fb3cb05d242cf2e6',
  networkPubKeySet: '82b7ec4aac62a87aba55f6920862e021df37c445a075e72d87a64c3573aea67cfbb59a7be671e785fb3cb05d242cf2e6',
  hdRootPubkeys: [
    '03ab0ccc2dc8a3d9c2de9a7421b171475a09e60cb546fe446a9d0c3aadb8f639ae',
    '03b6300abf338b504b7b49eb83b59554d12232b9f390f6bb5bf06150b812678b53',
    '039911489c48624554fef51f37323053953def50ed3b40e69620d0a6bcb4ffdc2f',
    '034feeda3a7912131c980ae8b6376611dd5052d574979247d64da8bb1446e240d7',
    '023dd81dba4b89da5e4c3dec5da93ba0e1addc0eafbe03487450c42e28628570d1',
    '0346ac7da954f1b8ee891b79eb8cf45bafef62c85dffc1dc41e4b755bc0428689f',
    '0222be55763b2339daf0c149e5e6e927894e0667671de47a591fc24f38eef48cd3',
    '0313cce430e8c79053e02460e880ec36f1d64763617b47e0a2f83d06caae86c27a',
    '023e4f4020ea03b0631b02cbb595631e6bbbd563f1fe9f1cf953b29ea8a2d26a85',
    '0332914fa7b8ca6083139bb969650c26b092fe9990ef188daada9e4049bef58899'
  ],
  latestBlockhash: '0xe7db9b3e4f4b1dfcf550b52352a9a1abdc147aff19bf1d878b031a98613e3932'
}
[Lit-JS-SDK v7.0.1-alpha-0] [2025-01-04T00:33:57.912Z] [36m[DEBUG][0m [core] Handshake with https://15.235.83.220:7471 returned keys:  {
  serverPubKey: '',
  subnetPubKey: '82b7ec4aac62a87aba55f6920862e021df37c445a075e72d87a64c3573aea67cfbb59a7be671e785fb3cb05d242cf2e6',
  networkPubKey: '82b7ec4aac62a87aba55f6920862e021df37c445a075e72d87a64c3573aea67cfbb59a7be671e785fb3cb05d242cf2e6',
  networkPubKeySet: '82b7ec4aac62a87aba55f6920862e021df37c445a075e72d87a64c3573aea67cfbb59a7be671e785fb3cb05d242cf2e6',
  hdRootPubkeys: [
    '03ab0ccc2dc8a3d9c2de9a7421b171475a09e60cb546fe446a9d0c3aadb8f639ae',
    '03b6300abf338b504b7b49eb83b59554d12232b9f390f6bb5bf06150b812678b53',
    '039911489c48624554fef51f37323053953def50ed3b40e69620d0a6bcb4ffdc2f',
    '034feeda3a7912131c980ae8b6376611dd5052d574979247d64da8bb1446e240d7',
    '023dd81dba4b89da5e4c3dec5da93ba0e1addc0eafbe03487450c42e28628570d1',
    '0346ac7da954f1b8ee891b79eb8cf45bafef62c85dffc1dc41e4b755bc0428689f',
    '0222be55763b2339daf0c149e5e6e927894e0667671de47a591fc24f38eef48cd3',
    '0313cce430e8c79053e02460e880ec36f1d64763617b47e0a2f83d06caae86c27a',
    '023e4f4020ea03b0631b02cbb595631e6bbbd563f1fe9f1cf953b29ea8a2d26a85',
    '0332914fa7b8ca6083139bb969650c26b092fe9990ef188daada9e4049bef58899'
  ],
  latestBlockhash: '0xe7db9b3e4f4b1dfcf550b52352a9a1abdc147aff19bf1d878b031a98613e3932'
}
[Lit-JS-SDK v7.0.1-alpha-0] [2025-01-04T00:33:57.912Z] [36m[DEBUG][0m [core] listening for state change on staking contract:  0xD4507CD392Af2c80919219d7896508728f6A623F
[Lit-JS-SDK v7.0.1-alpha-0] [2025-01-04T00:33:57.913Z] [36m[DEBUG][0m [core] 🔥 lit is ready. "litNodeClient" variable is ready to use globally.
[Lit-JS-SDK v7.0.1-alpha-0] [2025-01-04T00:33:57.913Z] [36m[DEBUG][0m [core] current network config {
  networkPubkey: '82b7ec4aac62a87aba55f6920862e021df37c445a075e72d87a64c3573aea67cfbb59a7be671e785fb3cb05d242cf2e6',
  networkPubKeySet: '82b7ec4aac62a87aba55f6920862e021df37c445a075e72d87a64c3573aea67cfbb59a7be671e785fb3cb05d242cf2e6',
  hdRootPubkeys: [
    '03ab0ccc2dc8a3d9c2de9a7421b171475a09e60cb546fe446a9d0c3aadb8f639ae',
    '03b6300abf338b504b7b49eb83b59554d12232b9f390f6bb5bf06150b812678b53',
    '039911489c48624554fef51f37323053953def50ed3b40e69620d0a6bcb4ffdc2f',
    '034feeda3a7912131c980ae8b6376611dd5052d574979247d64da8bb1446e240d7',
    '023dd81dba4b89da5e4c3dec5da93ba0e1addc0eafbe03487450c42e28628570d1',
    '0346ac7da954f1b8ee891b79eb8cf45bafef62c85dffc1dc41e4b755bc0428689f',
    '0222be55763b2339daf0c149e5e6e927894e0667671de47a591fc24f38eef48cd3',
    '0313cce430e8c79053e02460e880ec36f1d64763617b47e0a2f83d06caae86c27a',
    '023e4f4020ea03b0631b02cbb595631e6bbbd563f1fe9f1cf953b29ea8a2d26a85',
    '0332914fa7b8ca6083139bb969650c26b092fe9990ef188daada9e4049bef58899'
  ],
  subnetPubkey: '82b7ec4aac62a87aba55f6920862e021df37c445a075e72d87a64c3573aea67cfbb59a7be671e785fb3cb05d242cf2e6',
  latestBlockhash: '0xe7db9b3e4f4b1dfcf550b52352a9a1abdc147aff19bf1d878b031a98613e3932'
}
Server running at http://localhost:3092
[Lit-JS-SDK v7.0.1-alpha-0] [2025-01-04T00:34:00.037Z] [36m[DEBUG][0m [core] Blockhash is still valid. No need to sync.
[Lit-JS-SDK v7.0.1-alpha-0] [2025-01-04T00:34:00.037Z] [36m[DEBUG][0m [core] getWalletSig - flow starts
        storageKey: lit-wallet-sig
        storedWalletSigOrError: {"type":"SUCCESS","result":"{\"sig\":\"0x5f1e2328d21b89f4bc1e670820ada0bfbe70ab671f682852152cb71d2b45344b0ba6ee541354de82715a080a1003ac857b2b39a4b3f1ba04f40f70a6415aa3611c\",\"derivedVia\":\"web3.eth.personal.sign\",\"signedMessage\":\"localhost wants you to sign in with your Ethereum account:\\n0x046BF7BB88E0e0941358CE3F5A765C9acddA7B9c\\n\\nThis is a test statement.  You can put anything you want here. I further authorize the stated URI to perform the following actions on my behalf: (1) 'Threshold': 'Execution' for 'lit-litaction://*'. (2) 'Threshold': 'Signing' for 'lit-pkp://*'.\\n\\nURI: lit:session:93b394e6b4f0d02187e775479aab5a3609c6f32855637a92ac2989cedf82a46d\\nVersion: 1\\nChain ID: 1\\nNonce: 0x8a97c51b75d60f6d408de9f8d65a55207eb4c613a0d0aea93b38a3d91f62f413\\nIssued At: 2025-01-04T00:12:11.391Z\\nExpiration Time: 2025-01-04T00:22:11.365Z\\nResources:\\n- urn:recap:eyJhdHQiOnsibGl0LWxpdGFjdGlvbjovLyoiOnsiVGhyZXNob2xkL0V4ZWN1dGlvbiI6W3t9XX0sImxpdC1wa3A6Ly8qIjp7IlRocmVzaG9sZC9TaWduaW5nIjpbe31dfX0sInByZiI6W119\",\"address\":\"0x046BF7BB88E0e0941358CE3F5A765C9acddA7B9c\"}"}
    
[Lit-JS-SDK v7.0.1-alpha-0] [2025-01-04T00:34:00.038Z] [36m[DEBUG][0m [core] getWalletSig - flow 2
[Lit-JS-SDK v7.0.1-alpha-0] [2025-01-04T00:34:00.038Z] [36m[DEBUG][0m [core] getWalletSig - flow 2.1
[Lit-JS-SDK v7.0.1-alpha-0] [2025-01-04T00:34:00.038Z] [36m[DEBUG][0m [core] getWalletSig - flow 3
[Lit-JS-SDK v7.0.1-alpha-0] [2025-01-04T00:34:00.057Z] [36m[DEBUG][0m [core] Error while verifying BLS signature:  {
  success: false,
  data: SiweMessage {
    scheme: undefined,
    domain: 'localhost',
    address: '0x046BF7BB88E0e0941358CE3F5A765C9acddA7B9c',
    statement: "This is a test statement.  You can put anything you want here. I further authorize the stated URI to perform the following actions on my behalf: (1) 'Threshold': 'Execution' for 'lit-litaction://*'. (2) 'Threshold': 'Signing' for 'lit-pkp://*'.",
    uri: 'lit:session:93b394e6b4f0d02187e775479aab5a3609c6f32855637a92ac2989cedf82a46d',
    version: '1',
    nonce: '0x8a97c51b75d60f6d408de9f8d65a55207eb4c613a0d0aea93b38a3d91f62f413',
    issuedAt: '2025-01-04T00:12:11.391Z',
    expirationTime: '2025-01-04T00:22:11.365Z',
    notBefore: undefined,
    requestId: undefined,
    chainId: 1,
    resources: [
      'urn:recap:eyJhdHQiOnsibGl0LWxpdGFjdGlvbjovLyoiOnsiVGhyZXNob2xkL0V4ZWN1dGlvbiI6W3t9XX0sImxpdC1wa3A6Ly8qIjp7IlRocmVzaG9sZC9TaWduaW5nIjpbe31dfX0sInByZiI6W119'
    ]
  },
  error: SiweError {
    type: 'Expired message.',
    expected: '2025-01-04T00:34:00.047Z < 2025-01-04T00:22:11.365Z',
    received: '2025-01-04T00:34:00.047Z >= 2025-01-04T00:22:11.365Z'
  }
}
[Lit-JS-SDK v7.0.1-alpha-0] [2025-01-04T00:34:00.057Z] [36m[DEBUG][0m [core] need to re-sign session key. Signing...
[Lit-JS-SDK v7.0.1-alpha-0] [2025-01-04T00:34:00.112Z] [36m[DEBUG][0m [core] signatures: {
  'https://15.235.83.220:7472': {
    sig: '1e8588ad3986e7e7f88b93a83bd67d20bf01136586f2e981de905f01c047f2b0bf2fe30611189dc87c18221fc98214688cd104ef37befe277f581158cbd4f50d',
    derivedVia: 'litSessionSignViaNacl',
    signedMessage: `{"sessionKey":"93b394e6b4f0d02187e775479aab5a3609c6f32855637a92ac2989cedf82a46d","resourceAbilityRequests":[{"resource":{"resource":"*","resourcePrefix":"lit-litaction"},"ability":"lit-action-execution"},{"resource":{"resource":"*","resourcePrefix":"lit-pkp"},"ability":"pkp-signing"}],"capabilities":[{"sig":"0xde6f3302bf635b6013de7eae94d45b4d0d6404fb7178d6e90cc8c46309c3a613088e951de92baf5e11b083d8cce8d107cf62d8e2f79aa2ed71352c758a32c4cf1c","derivedVia":"web3.eth.personal.sign","signedMessage":"localhost wants you to sign in with your Ethereum account:\\n0x046BF7BB88E0e0941358CE3F5A765C9acddA7B9c\\n\\nThis is a test statement.  You can put anything you want here. I further authorize the stated URI to perform the following actions on my behalf: (1) 'Threshold': 'Execution' for 'lit-litaction://*'. (2) 'Threshold': 'Signing' for 'lit-pkp://*'.\\n\\nURI: lit:session:93b394e6b4f0d02187e775479aab5a3609c6f32855637a92ac2989cedf82a46d\\nVersion: 1\\nChain ID: 1\\nNonce: 0xe7db9b3e4f4b1dfcf550b52352a9a1abdc147aff19bf1d878b031a98613e3932\\nIssued At: 2025-01-04T00:34:00.059Z\\nExpiration Time: 2025-01-04T00:44:00.035Z\\nResources:\\n- urn:recap:eyJhdHQiOnsibGl0LWxpdGFjdGlvbjovLyoiOnsiVGhyZXNob2xkL0V4ZWN1dGlvbiI6W3t9XX0sImxpdC1wa3A6Ly8qIjp7IlRocmVzaG9sZC9TaWduaW5nIjpbe31dfX0sInByZiI6W119","address":"0x046BF7BB88E0e0941358CE3F5A765C9acddA7B9c"}],"issuedAt":"2025-01-04T00:34:00.073Z","expiration":"2025-01-04T00:44:00.035Z","nodeAddress":"https://15.235.83.220:7472"}`,
    address: '93b394e6b4f0d02187e775479aab5a3609c6f32855637a92ac2989cedf82a46d',
    algo: 'ed25519'
  },
  'https://15.235.83.220:7470': {
    sig: '0810a4d60f40da371f25bce519a8dc4e25393b59e7aced6ea2d0c7dc8611479d1693cb17a68044d78be4d19d82caa439babb8f11980abb8bf2c96ef6bb798e03',
    derivedVia: 'litSessionSignViaNacl',
    signedMessage: `{"sessionKey":"93b394e6b4f0d02187e775479aab5a3609c6f32855637a92ac2989cedf82a46d","resourceAbilityRequests":[{"resource":{"resource":"*","resourcePrefix":"lit-litaction"},"ability":"lit-action-execution"},{"resource":{"resource":"*","resourcePrefix":"lit-pkp"},"ability":"pkp-signing"}],"capabilities":[{"sig":"0xde6f3302bf635b6013de7eae94d45b4d0d6404fb7178d6e90cc8c46309c3a613088e951de92baf5e11b083d8cce8d107cf62d8e2f79aa2ed71352c758a32c4cf1c","derivedVia":"web3.eth.personal.sign","signedMessage":"localhost wants you to sign in with your Ethereum account:\\n0x046BF7BB88E0e0941358CE3F5A765C9acddA7B9c\\n\\nThis is a test statement.  You can put anything you want here. I further authorize the stated URI to perform the following actions on my behalf: (1) 'Threshold': 'Execution' for 'lit-litaction://*'. (2) 'Threshold': 'Signing' for 'lit-pkp://*'.\\n\\nURI: lit:session:93b394e6b4f0d02187e775479aab5a3609c6f32855637a92ac2989cedf82a46d\\nVersion: 1\\nChain ID: 1\\nNonce: 0xe7db9b3e4f4b1dfcf550b52352a9a1abdc147aff19bf1d878b031a98613e3932\\nIssued At: 2025-01-04T00:34:00.059Z\\nExpiration Time: 2025-01-04T00:44:00.035Z\\nResources:\\n- urn:recap:eyJhdHQiOnsibGl0LWxpdGFjdGlvbjovLyoiOnsiVGhyZXNob2xkL0V4ZWN1dGlvbiI6W3t9XX0sImxpdC1wa3A6Ly8qIjp7IlRocmVzaG9sZC9TaWduaW5nIjpbe31dfX0sInByZiI6W119","address":"0x046BF7BB88E0e0941358CE3F5A765C9acddA7B9c"}],"issuedAt":"2025-01-04T00:34:00.073Z","expiration":"2025-01-04T00:44:00.035Z","nodeAddress":"https://15.235.83.220:7470"}`,
    address: '93b394e6b4f0d02187e775479aab5a3609c6f32855637a92ac2989cedf82a46d',
    algo: 'ed25519'
  },
  'https://15.235.83.220:7471': {
    sig: '1db0be2c9ef17795cd137a0a87355afff458bb6342648cc2f1d3855913aea262ce7fb3d451dde602e20feb9f428d7a7eff6e7206b5d74c65a3f8fd76eed5eb0a',
    derivedVia: 'litSessionSignViaNacl',
    signedMessage: `{"sessionKey":"93b394e6b4f0d02187e775479aab5a3609c6f32855637a92ac2989cedf82a46d","resourceAbilityRequests":[{"resource":{"resource":"*","resourcePrefix":"lit-litaction"},"ability":"lit-action-execution"},{"resource":{"resource":"*","resourcePrefix":"lit-pkp"},"ability":"pkp-signing"}],"capabilities":[{"sig":"0xde6f3302bf635b6013de7eae94d45b4d0d6404fb7178d6e90cc8c46309c3a613088e951de92baf5e11b083d8cce8d107cf62d8e2f79aa2ed71352c758a32c4cf1c","derivedVia":"web3.eth.personal.sign","signedMessage":"localhost wants you to sign in with your Ethereum account:\\n0x046BF7BB88E0e0941358CE3F5A765C9acddA7B9c\\n\\nThis is a test statement.  You can put anything you want here. I further authorize the stated URI to perform the following actions on my behalf: (1) 'Threshold': 'Execution' for 'lit-litaction://*'. (2) 'Threshold': 'Signing' for 'lit-pkp://*'.\\n\\nURI: lit:session:93b394e6b4f0d02187e775479aab5a3609c6f32855637a92ac2989cedf82a46d\\nVersion: 1\\nChain ID: 1\\nNonce: 0xe7db9b3e4f4b1dfcf550b52352a9a1abdc147aff19bf1d878b031a98613e3932\\nIssued At: 2025-01-04T00:34:00.059Z\\nExpiration Time: 2025-01-04T00:44:00.035Z\\nResources:\\n- urn:recap:eyJhdHQiOnsibGl0LWxpdGFjdGlvbjovLyoiOnsiVGhyZXNob2xkL0V4ZWN1dGlvbiI6W3t9XX0sImxpdC1wa3A6Ly8qIjp7IlRocmVzaG9sZC9TaWduaW5nIjpbe31dfX0sInByZiI6W119","address":"0x046BF7BB88E0e0941358CE3F5A765C9acddA7B9c"}],"issuedAt":"2025-01-04T00:34:00.073Z","expiration":"2025-01-04T00:44:00.035Z","nodeAddress":"https://15.235.83.220:7471"}`,
    address: '93b394e6b4f0d02187e775479aab5a3609c6f32855637a92ac2989cedf82a46d',
    algo: 'ed25519'
  }
}
[Lit-JS-SDK v7.0.1-alpha-0] [2025-01-04T00:34:00.113Z] [36m[DEBUG][0m [core] The request time is at: 2025-01-04T00:34:00.112Z
* Outer expiration:
    * Issued at: 2025-01-04T00:34:00.073Z
    * Expiration: 2025-01-04T00:44:00.035Z
    * Duration: 9 minutes, 59.962 seconds
    * Status: ✅ Not expired (valid for 9 minutes, 59.923 seconds)
* Capabilities:
    * Capability 1 (web3.eth.personal.sign):
        * Issued at: 2025-01-04T00:34:00.059Z
        * Expiration: 2025-01-04T00:44:00.035Z
        * Duration: 9 minutes, 59.976 seconds
        * Status: ✅ Not expired (valid for 9 minutes, 59.923 seconds)
        * Attenuation:
            * lit-litaction://*
              * Threshold/Execution
            * lit-pkp://*
              * Threshold/Signing

[Lit-JS-SDK v7.0.1-alpha-0] [2025-01-04T00:34:00.113Z] [36m[DEBUG][0m [core] [36m[id: 0140f51499d0c][0m sendCommandToNode with url https://15.235.83.220:7472/web/execute/v1 and data {
  code: 'CiAgICAgICAgKGFzeW5jICgpID0+IHsKICAgICAgICAgICAgY29uc29sZS5sb2coIlRoaXMgaXMgYSBsb2ciKTsKICAgICAgICAgICAgTGl0LkFjdGlvbnMuc2V0UmVzcG9uc2Uoe3Jlc3BvbnNlOiAiSGVsbG8sIFdvcmxkISJ9KTsKICAgICAgICB9KSgpCiAgICA=',
  jsParams: undefined,
  authSig: {
    sig: '1e8588ad3986e7e7f88b93a83bd67d20bf01136586f2e981de905f01c047f2b0bf2fe30611189dc87c18221fc98214688cd104ef37befe277f581158cbd4f50d',
    derivedVia: 'litSessionSignViaNacl',
    signedMessage: `{"sessionKey":"93b394e6b4f0d02187e775479aab5a3609c6f32855637a92ac2989cedf82a46d","resourceAbilityRequests":[{"resource":{"resource":"*","resourcePrefix":"lit-litaction"},"ability":"lit-action-execution"},{"resource":{"resource":"*","resourcePrefix":"lit-pkp"},"ability":"pkp-signing"}],"capabilities":[{"sig":"0xde6f3302bf635b6013de7eae94d45b4d0d6404fb7178d6e90cc8c46309c3a613088e951de92baf5e11b083d8cce8d107cf62d8e2f79aa2ed71352c758a32c4cf1c","derivedVia":"web3.eth.personal.sign","signedMessage":"localhost wants you to sign in with your Ethereum account:\\n0x046BF7BB88E0e0941358CE3F5A765C9acddA7B9c\\n\\nThis is a test statement.  You can put anything you want here. I further authorize the stated URI to perform the following actions on my behalf: (1) 'Threshold': 'Execution' for 'lit-litaction://*'. (2) 'Threshold': 'Signing' for 'lit-pkp://*'.\\n\\nURI: lit:session:93b394e6b4f0d02187e775479aab5a3609c6f32855637a92ac2989cedf82a46d\\nVersion: 1\\nChain ID: 1\\nNonce: 0xe7db9b3e4f4b1dfcf550b52352a9a1abdc147aff19bf1d878b031a98613e3932\\nIssued At: 2025-01-04T00:34:00.059Z\\nExpiration Time: 2025-01-04T00:44:00.035Z\\nResources:\\n- urn:recap:eyJhdHQiOnsibGl0LWxpdGFjdGlvbjovLyoiOnsiVGhyZXNob2xkL0V4ZWN1dGlvbiI6W3t9XX0sImxpdC1wa3A6Ly8qIjp7IlRocmVzaG9sZC9TaWduaW5nIjpbe31dfX0sInByZiI6W119","address":"0x046BF7BB88E0e0941358CE3F5A765C9acddA7B9c"}],"issuedAt":"2025-01-04T00:34:00.073Z","expiration":"2025-01-04T00:44:00.035Z","nodeAddress":"https://15.235.83.220:7472"}`,
    address: '93b394e6b4f0d02187e775479aab5a3609c6f32855637a92ac2989cedf82a46d',
    algo: 'ed25519'
  },
  epoch: 22504
}
[Lit-JS-SDK v7.0.1-alpha-0] [2025-01-04T00:34:00.114Z] [36m[DEBUG][0m [core] [36m[id: 0140f51499d0c][0m sendCommandToNode with url https://15.235.83.220:7470/web/execute/v1 and data {
  code: 'CiAgICAgICAgKGFzeW5jICgpID0+IHsKICAgICAgICAgICAgY29uc29sZS5sb2coIlRoaXMgaXMgYSBsb2ciKTsKICAgICAgICAgICAgTGl0LkFjdGlvbnMuc2V0UmVzcG9uc2Uoe3Jlc3BvbnNlOiAiSGVsbG8sIFdvcmxkISJ9KTsKICAgICAgICB9KSgpCiAgICA=',
  jsParams: undefined,
  authSig: {
    sig: '0810a4d60f40da371f25bce519a8dc4e25393b59e7aced6ea2d0c7dc8611479d1693cb17a68044d78be4d19d82caa439babb8f11980abb8bf2c96ef6bb798e03',
    derivedVia: 'litSessionSignViaNacl',
    signedMessage: `{"sessionKey":"93b394e6b4f0d02187e775479aab5a3609c6f32855637a92ac2989cedf82a46d","resourceAbilityRequests":[{"resource":{"resource":"*","resourcePrefix":"lit-litaction"},"ability":"lit-action-execution"},{"resource":{"resource":"*","resourcePrefix":"lit-pkp"},"ability":"pkp-signing"}],"capabilities":[{"sig":"0xde6f3302bf635b6013de7eae94d45b4d0d6404fb7178d6e90cc8c46309c3a613088e951de92baf5e11b083d8cce8d107cf62d8e2f79aa2ed71352c758a32c4cf1c","derivedVia":"web3.eth.personal.sign","signedMessage":"localhost wants you to sign in with your Ethereum account:\\n0x046BF7BB88E0e0941358CE3F5A765C9acddA7B9c\\n\\nThis is a test statement.  You can put anything you want here. I further authorize the stated URI to perform the following actions on my behalf: (1) 'Threshold': 'Execution' for 'lit-litaction://*'. (2) 'Threshold': 'Signing' for 'lit-pkp://*'.\\n\\nURI: lit:session:93b394e6b4f0d02187e775479aab5a3609c6f32855637a92ac2989cedf82a46d\\nVersion: 1\\nChain ID: 1\\nNonce: 0xe7db9b3e4f4b1dfcf550b52352a9a1abdc147aff19bf1d878b031a98613e3932\\nIssued At: 2025-01-04T00:34:00.059Z\\nExpiration Time: 2025-01-04T00:44:00.035Z\\nResources:\\n- urn:recap:eyJhdHQiOnsibGl0LWxpdGFjdGlvbjovLyoiOnsiVGhyZXNob2xkL0V4ZWN1dGlvbiI6W3t9XX0sImxpdC1wa3A6Ly8qIjp7IlRocmVzaG9sZC9TaWduaW5nIjpbe31dfX0sInByZiI6W119","address":"0x046BF7BB88E0e0941358CE3F5A765C9acddA7B9c"}],"issuedAt":"2025-01-04T00:34:00.073Z","expiration":"2025-01-04T00:44:00.035Z","nodeAddress":"https://15.235.83.220:7470"}`,
    address: '93b394e6b4f0d02187e775479aab5a3609c6f32855637a92ac2989cedf82a46d',
    algo: 'ed25519'
  },
  epoch: 22504
}
[Lit-JS-SDK v7.0.1-alpha-0] [2025-01-04T00:34:00.114Z] [36m[DEBUG][0m [core] [36m[id: 0140f51499d0c][0m sendCommandToNode with url https://15.235.83.220:7471/web/execute/v1 and data {
  code: 'CiAgICAgICAgKGFzeW5jICgpID0+IHsKICAgICAgICAgICAgY29uc29sZS5sb2coIlRoaXMgaXMgYSBsb2ciKTsKICAgICAgICAgICAgTGl0LkFjdGlvbnMuc2V0UmVzcG9uc2Uoe3Jlc3BvbnNlOiAiSGVsbG8sIFdvcmxkISJ9KTsKICAgICAgICB9KSgpCiAgICA=',
  jsParams: undefined,
  authSig: {
    sig: '1db0be2c9ef17795cd137a0a87355afff458bb6342648cc2f1d3855913aea262ce7fb3d451dde602e20feb9f428d7a7eff6e7206b5d74c65a3f8fd76eed5eb0a',
    derivedVia: 'litSessionSignViaNacl',
    signedMessage: `{"sessionKey":"93b394e6b4f0d02187e775479aab5a3609c6f32855637a92ac2989cedf82a46d","resourceAbilityRequests":[{"resource":{"resource":"*","resourcePrefix":"lit-litaction"},"ability":"lit-action-execution"},{"resource":{"resource":"*","resourcePrefix":"lit-pkp"},"ability":"pkp-signing"}],"capabilities":[{"sig":"0xde6f3302bf635b6013de7eae94d45b4d0d6404fb7178d6e90cc8c46309c3a613088e951de92baf5e11b083d8cce8d107cf62d8e2f79aa2ed71352c758a32c4cf1c","derivedVia":"web3.eth.personal.sign","signedMessage":"localhost wants you to sign in with your Ethereum account:\\n0x046BF7BB88E0e0941358CE3F5A765C9acddA7B9c\\n\\nThis is a test statement.  You can put anything you want here. I further authorize the stated URI to perform the following actions on my behalf: (1) 'Threshold': 'Execution' for 'lit-litaction://*'. (2) 'Threshold': 'Signing' for 'lit-pkp://*'.\\n\\nURI: lit:session:93b394e6b4f0d02187e775479aab5a3609c6f32855637a92ac2989cedf82a46d\\nVersion: 1\\nChain ID: 1\\nNonce: 0xe7db9b3e4f4b1dfcf550b52352a9a1abdc147aff19bf1d878b031a98613e3932\\nIssued At: 2025-01-04T00:34:00.059Z\\nExpiration Time: 2025-01-04T00:44:00.035Z\\nResources:\\n- urn:recap:eyJhdHQiOnsibGl0LWxpdGFjdGlvbjovLyoiOnsiVGhyZXNob2xkL0V4ZWN1dGlvbiI6W3t9XX0sImxpdC1wa3A6Ly8qIjp7IlRocmVzaG9sZC9TaWduaW5nIjpbe31dfX0sInByZiI6W119","address":"0x046BF7BB88E0e0941358CE3F5A765C9acddA7B9c"}],"issuedAt":"2025-01-04T00:34:00.073Z","expiration":"2025-01-04T00:44:00.035Z","nodeAddress":"https://15.235.83.220:7471"}`,
    address: '93b394e6b4f0d02187e775479aab5a3609c6f32855637a92ac2989cedf82a46d',
    algo: 'ed25519'
  },
  epoch: 22504
}
[Lit-JS-SDK v7.0.1-alpha-0] [2025-01-04T00:34:00.287Z] [36m[DEBUG][0m [core] [36m[id: 0140f51499d0c][0m executeJs responseData from node :  [
  {
    "success": true,
    "signedData": {},
    "decryptedData": {},
    "claimData": {},
    "response": "Hello, World!",
    "logs": "This is a log\n"
  },
  {
    "success": true,
    "signedData": {},
    "decryptedData": {},
    "claimData": {},
    "response": "Hello, World!",
    "logs": "This is a log\n"
  },
  {
    "success": true,
    "signedData": {},
    "decryptedData": {},
    "claimData": {},
    "response": "Hello, World!",
    "logs": "This is a log\n"
  }
]
[Lit-JS-SDK v7.0.1-alpha-0] [2025-01-04T00:34:00.288Z] [36m[DEBUG][0m [core] strategy found to be most common, taking most common response from execution results
Sat, 04 Jan 2025 00:34:00 GMT lit-js-sdk:constants:constants deprecated LitNetwork is deprecated and will be removed in a future version. Use LIT_NETWORK instead. at bundled_server.js:17800:19
[Lit-JS-SDK v7.0.1-alpha-0] [2025-01-04T00:34:00.294Z] [36m[DEBUG][0m [contract-sdk] ----- We're in node! -----
[Lit-JS-SDK v7.0.1-alpha-0] [2025-01-04T00:34:00.295Z] [36m[DEBUG][0m [contract-sdk] Your Signer: Wallet2 {
  _isSigner: true,
  _signingKey: [Function (anonymous)],
  _mnemonic: [Function (anonymous)],
  address: '0x046BF7BB88E0e0941358CE3F5A765C9acddA7B9c',
  provider: JsonRpcProvider2 {
    _isProvider: true,
    _events: [],
    _emitted: { block: -2 },
    disableCcipRead: false,
    formatter: Formatter2 { formats: [Object] },
    anyNetwork: false,
    _networkPromise: Promise { [Object] },
    _maxInternalBlockNumber: -1024,
    _lastBlockNumber: -2,
    _maxFilterBlockRange: 10,
    _pollingInterval: 4000,
    _fastQueryDate: 0,
    connection: { url: 'https://yellowstone-rpc.litprotocol.com' },
    _nextId: 43,
    _eventLoopCache: { detectNetwork: null, eth_chainId: null },
    _network: { chainId: 175188, name: 'unknown' }
  }
}
[Lit-JS-SDK v7.0.1-alpha-0] [2025-01-04T00:34:00.295Z] [36m[DEBUG][0m [contract-sdk] Your Provider: {
  url: 'https://yellowstone-rpc.litprotocol.com',
  skipFetchSetup: true
}
[Lit-JS-SDK v7.0.1-alpha-0] [2025-01-04T00:34:00.295Z] [36m[DEBUG][0m [contract-sdk] resolved contract addresses for:  datil-dev {
  StakingBalances: '0x77F277D4858Ae589b2263FEfd50CaD7838fE4741',
  Staking: '0xD4507CD392Af2c80919219d7896508728f6A623F',
  Multisender: '0x116eBFb474C6aa13e1B8b19253fd0E3f226A982f',
  LITToken: '0x81d8f0e945E3Bdc735dA3E19C4Df77a8B91046Cd',
  PubkeyRouter: '0xbc01f21C58Ca83f25b09338401D53D4c2344D1d9',
  PKPNFT: '0x02C4242F72d62c8fEF2b2DB088A35a9F4ec741C7',
  RateLimitNFT: '0x1A12D5B3D6A52B3bDe0468900795D35ce994ac2b',
  PKPHelper: '0xCa9C62fB4ceA8831eBb6fD9fE747Cc372515CF7f',
  PKPPermissions: '0xf64638F1eb3b064f5443F7c9e2Dc050ed535D891',
  PKPNFTMetadata: '0x784A743bBBB5f5225CeC7979A3304179be17D66d',
  Allowlist: '0xC60051658E346554C1F572ef3Aa4bD8596E026b6'
}
Sat, 04 Jan 2025 00:34:00 GMT lit-js-sdk:constants:constants deprecated AuthMethodType is deprecated and will be removed in a future version. Use AUTH_METHOD_TYPE instead. at node:internal/process/task_queues:95:5
Sat, 04 Jan 2025 00:34:00 GMT lit-js-sdk:constants:constants deprecated AuthMethodScope is deprecated and will be removed in a future version. Use AUTH_METHOD_SCOPE instead. at node:internal/process/task_queues:95:5
[Lit-JS-SDK v7.0.1-alpha-0] [2025-01-04T00:34:01.040Z] [36m[DEBUG][0m [contract-sdk] tokenId: 0xfb06184331b3d03c92d967fb345efe19fce5836e15f41c2a6165d6fa8013a6ea
[Lit-JS-SDK v7.0.1-alpha-0] [2025-01-04T00:34:01.081Z] [36m[DEBUG][0m [contract-sdk] pkp pub key:  0x04805555358be98ed8f2535d8148e4626a0170feb9ead6280eaf31bf1fce6cefd51a3eccbc51fb30a5f1be25cc52f8119af9c3c08f108c259ccdc2d5b2d0875b39
[Lit-JS-SDK v7.0.1-alpha-0] [2025-01-04T00:34:01.094Z] [36m[DEBUG][0m [core] getWalletSig - flow starts
        storageKey: lit-wallet-sig
        storedWalletSigOrError: {"type":"SUCCESS","result":"{\"sig\":\"0xde6f3302bf635b6013de7eae94d45b4d0d6404fb7178d6e90cc8c46309c3a613088e951de92baf5e11b083d8cce8d107cf62d8e2f79aa2ed71352c758a32c4cf1c\",\"derivedVia\":\"web3.eth.personal.sign\",\"signedMessage\":\"localhost wants you to sign in with your Ethereum account:\\n0x046BF7BB88E0e0941358CE3F5A765C9acddA7B9c\\n\\nThis is a test statement.  You can put anything you want here. I further authorize the stated URI to perform the following actions on my behalf: (1) 'Threshold': 'Execution' for 'lit-litaction://*'. (2) 'Threshold': 'Signing' for 'lit-pkp://*'.\\n\\nURI: lit:session:93b394e6b4f0d02187e775479aab5a3609c6f32855637a92ac2989cedf82a46d\\nVersion: 1\\nChain ID: 1\\nNonce: 0xe7db9b3e4f4b1dfcf550b52352a9a1abdc147aff19bf1d878b031a98613e3932\\nIssued At: 2025-01-04T00:34:00.059Z\\nExpiration Time: 2025-01-04T00:44:00.035Z\\nResources:\\n- urn:recap:eyJhdHQiOnsibGl0LWxpdGFjdGlvbjovLyoiOnsiVGhyZXNob2xkL0V4ZWN1dGlvbiI6W3t9XX0sImxpdC1wa3A6Ly8qIjp7IlRocmVzaG9sZC9TaWduaW5nIjpbe31dfX0sInByZiI6W119\",\"address\":\"0x046BF7BB88E0e0941358CE3F5A765C9acddA7B9c\"}"}
    
[Lit-JS-SDK v7.0.1-alpha-0] [2025-01-04T00:34:01.133Z] [36m[DEBUG][0m [core] The request time is at: 2025-01-04T00:34:01.133Z
* Outer expiration:
    * Issued at: 2025-01-04T00:34:01.102Z
    * Expiration: 2025-01-04T00:44:01.093Z
    * Duration: 9 minutes, 59.991 seconds
    * Status: ✅ Not expired (valid for 9 minutes, 59.960 seconds)
* Capabilities:
    * Capability 1 (web3.eth.personal.sign):
        * Issued at: 2025-01-04T00:34:00.059Z
        * Expiration: 2025-01-04T00:44:00.035Z
        * Duration: 9 minutes, 59.976 seconds
        * Status: ✅ Not expired (valid for 9 minutes, 58.902 seconds)
        * Attenuation:
            * lit-litaction://*
              * Threshold/Execution
            * lit-pkp://*
              * Threshold/Signing

[Lit-JS-SDK v7.0.1-alpha-0] [2025-01-04T00:34:01.133Z] [36m[DEBUG][0m [core] [36m[id: 6ccf3a9edd6a1][0m reqBody: {
  toSign: [
    173, 178,   4,  32, 189, 232, 205, 166,
    119,  18,  73,  24, 136,  23,   9, 143,
    202, 140, 207, 142, 239,  33,  32, 163,
     30,  63, 100, 245, 129,  32,  38, 191
  ],
  pubkey: '0x04805555358be98ed8f2535d8148e4626a0170feb9ead6280eaf31bf1fce6cefd51a3eccbc51fb30a5f1be25cc52f8119af9c3c08f108c259ccdc2d5b2d0875b39',
  authSig: {
    sig: '78f01bde486f45b341c1dff15c4d12389e504233ca63a1f6e8b2ea0194465e0013fca0444e92222f0f9323aea4daf87f7834c943a78fd9c8801bde415b81680d',
    derivedVia: 'litSessionSignViaNacl',
    signedMessage: `{"sessionKey":"93b394e6b4f0d02187e775479aab5a3609c6f32855637a92ac2989cedf82a46d","resourceAbilityRequests":[{"resource":{"resource":"*","resourcePrefix":"lit-litaction"},"ability":"lit-action-execution"},{"resource":{"resource":"*","resourcePrefix":"lit-pkp"},"ability":"pkp-signing"}],"capabilities":[{"sig":"0xde6f3302bf635b6013de7eae94d45b4d0d6404fb7178d6e90cc8c46309c3a613088e951de92baf5e11b083d8cce8d107cf62d8e2f79aa2ed71352c758a32c4cf1c","derivedVia":"web3.eth.personal.sign","signedMessage":"localhost wants you to sign in with your Ethereum account:\\n0x046BF7BB88E0e0941358CE3F5A765C9acddA7B9c\\n\\nThis is a test statement.  You can put anything you want here. I further authorize the stated URI to perform the following actions on my behalf: (1) 'Threshold': 'Execution' for 'lit-litaction://*'. (2) 'Threshold': 'Signing' for 'lit-pkp://*'.\\n\\nURI: lit:session:93b394e6b4f0d02187e775479aab5a3609c6f32855637a92ac2989cedf82a46d\\nVersion: 1\\nChain ID: 1\\nNonce: 0xe7db9b3e4f4b1dfcf550b52352a9a1abdc147aff19bf1d878b031a98613e3932\\nIssued At: 2025-01-04T00:34:00.059Z\\nExpiration Time: 2025-01-04T00:44:00.035Z\\nResources:\\n- urn:recap:eyJhdHQiOnsibGl0LWxpdGFjdGlvbjovLyoiOnsiVGhyZXNob2xkL0V4ZWN1dGlvbiI6W3t9XX0sImxpdC1wa3A6Ly8qIjp7IlRocmVzaG9sZC9TaWduaW5nIjpbe31dfX0sInByZiI6W119","address":"0x046BF7BB88E0e0941358CE3F5A765C9acddA7B9c"}],"issuedAt":"2025-01-04T00:34:01.102Z","expiration":"2025-01-04T00:44:01.093Z","nodeAddress":"https://15.235.83.220:7472"}`,
    address: '93b394e6b4f0d02187e775479aab5a3609c6f32855637a92ac2989cedf82a46d',
    algo: 'ed25519'
  }
}
[Lit-JS-SDK v7.0.1-alpha-0] [2025-01-04T00:34:01.133Z] [36m[DEBUG][0m [core] [36m[id: 6ccf3a9edd6a1][0m sendCommandToNode with url https://15.235.83.220:7472/web/pkp/sign/v1 and data {
  toSign: [
    173, 178,   4,  32, 189, 232, 205, 166,
    119,  18,  73,  24, 136,  23,   9, 143,
    202, 140, 207, 142, 239,  33,  32, 163,
     30,  63, 100, 245, 129,  32,  38, 191
  ],
  pubkey: '0x04805555358be98ed8f2535d8148e4626a0170feb9ead6280eaf31bf1fce6cefd51a3eccbc51fb30a5f1be25cc52f8119af9c3c08f108c259ccdc2d5b2d0875b39',
  authSig: {
    sig: '78f01bde486f45b341c1dff15c4d12389e504233ca63a1f6e8b2ea0194465e0013fca0444e92222f0f9323aea4daf87f7834c943a78fd9c8801bde415b81680d',
    derivedVia: 'litSessionSignViaNacl',
    signedMessage: `{"sessionKey":"93b394e6b4f0d02187e775479aab5a3609c6f32855637a92ac2989cedf82a46d","resourceAbilityRequests":[{"resource":{"resource":"*","resourcePrefix":"lit-litaction"},"ability":"lit-action-execution"},{"resource":{"resource":"*","resourcePrefix":"lit-pkp"},"ability":"pkp-signing"}],"capabilities":[{"sig":"0xde6f3302bf635b6013de7eae94d45b4d0d6404fb7178d6e90cc8c46309c3a613088e951de92baf5e11b083d8cce8d107cf62d8e2f79aa2ed71352c758a32c4cf1c","derivedVia":"web3.eth.personal.sign","signedMessage":"localhost wants you to sign in with your Ethereum account:\\n0x046BF7BB88E0e0941358CE3F5A765C9acddA7B9c\\n\\nThis is a test statement.  You can put anything you want here. I further authorize the stated URI to perform the following actions on my behalf: (1) 'Threshold': 'Execution' for 'lit-litaction://*'. (2) 'Threshold': 'Signing' for 'lit-pkp://*'.\\n\\nURI: lit:session:93b394e6b4f0d02187e775479aab5a3609c6f32855637a92ac2989cedf82a46d\\nVersion: 1\\nChain ID: 1\\nNonce: 0xe7db9b3e4f4b1dfcf550b52352a9a1abdc147aff19bf1d878b031a98613e3932\\nIssued At: 2025-01-04T00:34:00.059Z\\nExpiration Time: 2025-01-04T00:44:00.035Z\\nResources:\\n- urn:recap:eyJhdHQiOnsibGl0LWxpdGFjdGlvbjovLyoiOnsiVGhyZXNob2xkL0V4ZWN1dGlvbiI6W3t9XX0sImxpdC1wa3A6Ly8qIjp7IlRocmVzaG9sZC9TaWduaW5nIjpbe31dfX0sInByZiI6W119","address":"0x046BF7BB88E0e0941358CE3F5A765C9acddA7B9c"}],"issuedAt":"2025-01-04T00:34:01.102Z","expiration":"2025-01-04T00:44:01.093Z","nodeAddress":"https://15.235.83.220:7472"}`,
    address: '93b394e6b4f0d02187e775479aab5a3609c6f32855637a92ac2989cedf82a46d',
    algo: 'ed25519'
  },
  epoch: 22504
}
[Lit-JS-SDK v7.0.1-alpha-0] [2025-01-04T00:34:01.134Z] [36m[DEBUG][0m [core] [36m[id: 6ccf3a9edd6a1][0m sendCommandToNode with url https://15.235.83.220:7470/web/pkp/sign/v1 and data {
  toSign: [
    173, 178,   4,  32, 189, 232, 205, 166,
    119,  18,  73,  24, 136,  23,   9, 143,
    202, 140, 207, 142, 239,  33,  32, 163,
     30,  63, 100, 245, 129,  32,  38, 191
  ],
  pubkey: '0x04805555358be98ed8f2535d8148e4626a0170feb9ead6280eaf31bf1fce6cefd51a3eccbc51fb30a5f1be25cc52f8119af9c3c08f108c259ccdc2d5b2d0875b39',
  authSig: {
    sig: '660490c2ff581e05d00e1774d85b75ef9bdadd25d9c91ef1c4ef38938b7f8ef5d32dcf500cfb29a06e6a9e9e1fae4207100637acb6db08bb8e43822b7744b80a',
    derivedVia: 'litSessionSignViaNacl',
    signedMessage: `{"sessionKey":"93b394e6b4f0d02187e775479aab5a3609c6f32855637a92ac2989cedf82a46d","resourceAbilityRequests":[{"resource":{"resource":"*","resourcePrefix":"lit-litaction"},"ability":"lit-action-execution"},{"resource":{"resource":"*","resourcePrefix":"lit-pkp"},"ability":"pkp-signing"}],"capabilities":[{"sig":"0xde6f3302bf635b6013de7eae94d45b4d0d6404fb7178d6e90cc8c46309c3a613088e951de92baf5e11b083d8cce8d107cf62d8e2f79aa2ed71352c758a32c4cf1c","derivedVia":"web3.eth.personal.sign","signedMessage":"localhost wants you to sign in with your Ethereum account:\\n0x046BF7BB88E0e0941358CE3F5A765C9acddA7B9c\\n\\nThis is a test statement.  You can put anything you want here. I further authorize the stated URI to perform the following actions on my behalf: (1) 'Threshold': 'Execution' for 'lit-litaction://*'. (2) 'Threshold': 'Signing' for 'lit-pkp://*'.\\n\\nURI: lit:session:93b394e6b4f0d02187e775479aab5a3609c6f32855637a92ac2989cedf82a46d\\nVersion: 1\\nChain ID: 1\\nNonce: 0xe7db9b3e4f4b1dfcf550b52352a9a1abdc147aff19bf1d878b031a98613e3932\\nIssued At: 2025-01-04T00:34:00.059Z\\nExpiration Time: 2025-01-04T00:44:00.035Z\\nResources:\\n- urn:recap:eyJhdHQiOnsibGl0LWxpdGFjdGlvbjovLyoiOnsiVGhyZXNob2xkL0V4ZWN1dGlvbiI6W3t9XX0sImxpdC1wa3A6Ly8qIjp7IlRocmVzaG9sZC9TaWduaW5nIjpbe31dfX0sInByZiI6W119","address":"0x046BF7BB88E0e0941358CE3F5A765C9acddA7B9c"}],"issuedAt":"2025-01-04T00:34:01.102Z","expiration":"2025-01-04T00:44:01.093Z","nodeAddress":"https://15.235.83.220:7470"}`,
    address: '93b394e6b4f0d02187e775479aab5a3609c6f32855637a92ac2989cedf82a46d',
    algo: 'ed25519'
  },
  epoch: 22504
}
[Lit-JS-SDK v7.0.1-alpha-0] [2025-01-04T00:34:01.134Z] [36m[DEBUG][0m [core] [36m[id: 6ccf3a9edd6a1][0m sendCommandToNode with url https://15.235.83.220:7471/web/pkp/sign/v1 and data {
  toSign: [
    173, 178,   4,  32, 189, 232, 205, 166,
    119,  18,  73,  24, 136,  23,   9, 143,
    202, 140, 207, 142, 239,  33,  32, 163,
     30,  63, 100, 245, 129,  32,  38, 191
  ],
  pubkey: '0x04805555358be98ed8f2535d8148e4626a0170feb9ead6280eaf31bf1fce6cefd51a3eccbc51fb30a5f1be25cc52f8119af9c3c08f108c259ccdc2d5b2d0875b39',
  authSig: {
    sig: '921b464a52cd645b91831d7e588a81af1d88705328fcb5cf11fe4cfee2c417fcbbdfb7f9c5a051bc8b7e4d282d878ee7d9751f2f7587b1fcb99f5c340f870b00',
    derivedVia: 'litSessionSignViaNacl',
    signedMessage: `{"sessionKey":"93b394e6b4f0d02187e775479aab5a3609c6f32855637a92ac2989cedf82a46d","resourceAbilityRequests":[{"resource":{"resource":"*","resourcePrefix":"lit-litaction"},"ability":"lit-action-execution"},{"resource":{"resource":"*","resourcePrefix":"lit-pkp"},"ability":"pkp-signing"}],"capabilities":[{"sig":"0xde6f3302bf635b6013de7eae94d45b4d0d6404fb7178d6e90cc8c46309c3a613088e951de92baf5e11b083d8cce8d107cf62d8e2f79aa2ed71352c758a32c4cf1c","derivedVia":"web3.eth.personal.sign","signedMessage":"localhost wants you to sign in with your Ethereum account:\\n0x046BF7BB88E0e0941358CE3F5A765C9acddA7B9c\\n\\nThis is a test statement.  You can put anything you want here. I further authorize the stated URI to perform the following actions on my behalf: (1) 'Threshold': 'Execution' for 'lit-litaction://*'. (2) 'Threshold': 'Signing' for 'lit-pkp://*'.\\n\\nURI: lit:session:93b394e6b4f0d02187e775479aab5a3609c6f32855637a92ac2989cedf82a46d\\nVersion: 1\\nChain ID: 1\\nNonce: 0xe7db9b3e4f4b1dfcf550b52352a9a1abdc147aff19bf1d878b031a98613e3932\\nIssued At: 2025-01-04T00:34:00.059Z\\nExpiration Time: 2025-01-04T00:44:00.035Z\\nResources:\\n- urn:recap:eyJhdHQiOnsibGl0LWxpdGFjdGlvbjovLyoiOnsiVGhyZXNob2xkL0V4ZWN1dGlvbiI6W3t9XX0sImxpdC1wa3A6Ly8qIjp7IlRocmVzaG9sZC9TaWduaW5nIjpbe31dfX0sInByZiI6W119","address":"0x046BF7BB88E0e0941358CE3F5A765C9acddA7B9c"}],"issuedAt":"2025-01-04T00:34:01.102Z","expiration":"2025-01-04T00:44:01.093Z","nodeAddress":"https://15.235.83.220:7471"}`,
    address: '93b394e6b4f0d02187e775479aab5a3609c6f32855637a92ac2989cedf82a46d',
    algo: 'ed25519'
  },
  epoch: 22504
}
[Lit-JS-SDK v7.0.1-alpha-0] [2025-01-04T00:34:01.691Z] [36m[DEBUG][0m [core] [36m[id: 6ccf3a9edd6a1][0m responseData [
  {
    "success": true,
    "signedData": [
      173,
      178,
      4,
      32,
      189,
      232,
      205,
      166,
      119,
      18,
      73,
      24,
      136,
      23,
      9,
      143,
      202,
      140,
      207,
      142,
      239,
      33,
      32,
      163,
      30,
      63,
      100,
      245,
      129,
      32,
      38,
      191
    ],
    "signatureShare": {
      "digest": "fail",
      "result": "fail",
      "share_index": 0,
      "signature_share": "",
      "big_r": "",
      "public_key": "",
      "sig_type": ""
    }
  },
  {
    "success": true,
    "signedData": [
      173,
      178,
      4,
      32,
      189,
      232,
      205,
      166,
      119,
      18,
      73,
      24,
      136,
      23,
      9,
      143,
      202,
      140,
      207,
      142,
      239,
      33,
      32,
      163,
      30,
      63,
      100,
      245,
      129,
      32,
      38,
      191
    ],
    "signatureShare": {
      "digest": "\"ADB20420BDE8CDA6771249188817098FCA8CCF8EEF2120A31E3F64F5812026BF\"",
      "result": "success",
      "share_index": 0,
      "signature_share": "\"AC16197E14253DDC089BC574633DD80F0D9CC635F6A75AE204308F83DC052C83\"",
      "big_r": "\"02053081148E29BEA8CD6A3E03171C06FE1E25DE2F58783F8DE87BAE413DE690A7\"",
      "public_key": "\"04805555358BE98ED8F2535D8148E4626A0170FEB9EAD6280EAF31BF1FCE6CEFD51A3ECCBC51FB30A5F1BE25CC52F8119AF9C3C08F108C259CCDC2D5B2D0875B39\"",
      "sig_type": "K256"
    }
  },
  {
    "success": true,
    "signedData": [
      173,
      178,
      4,
      32,
      189,
      232,
      205,
      166,
      119,
      18,
      73,
      24,
      136,
      23,
      9,
      143,
      202,
      140,
      207,
      142,
      239,
      33,
      32,
      163,
      30,
      63,
      100,
      245,
      129,
      32,
      38,
      191
    ],
    "signatureShare": {
      "digest": "\"ADB20420BDE8CDA6771249188817098FCA8CCF8EEF2120A31E3F64F5812026BF\"",
      "result": "success",
      "share_index": 0,
      "signature_share": "\"FF2D8B5645A23BE7B455A3CC4C3133865798A93D1C3EF22C50203CA044379246\"",
      "big_r": "\"02053081148E29BEA8CD6A3E03171C06FE1E25DE2F58783F8DE87BAE413DE690A7\"",
      "public_key": "\"04805555358BE98ED8F2535D8148E4626A0170FEB9EAD6280EAF31BF1FCE6CEFD51A3ECCBC51FB30A5F1BE25CC52F8119AF9C3C08F108C259CCDC2D5B2D0875B39\"",
      "sig_type": "K256"
    }
  }
]
[Lit-JS-SDK v7.0.1-alpha-0] [2025-01-04T00:34:01.691Z] [36m[DEBUG][0m [core] [36m[id: 6ccf3a9edd6a1][0m invalid field signatureShare in signature share: signature, continuing with share processing
[Lit-JS-SDK v7.0.1-alpha-0] [2025-01-04T00:34:01.692Z] [36m[DEBUG][0m [core] [36m[id: 6ccf3a9edd6a1][0m starting signature combine for sig name: sig [
  {
    sigType: 'K256',
    signatureShare: 'AC16197E14253DDC089BC574633DD80F0D9CC635F6A75AE204308F83DC052C83',
    shareIndex: 0,
    bigR: '02053081148E29BEA8CD6A3E03171C06FE1E25DE2F58783F8DE87BAE413DE690A7',
    publicKey: '04805555358BE98ED8F2535D8148E4626A0170FEB9EAD6280EAF31BF1FCE6CEFD51A3ECCBC51FB30A5F1BE25CC52F8119AF9C3C08F108C259CCDC2D5B2D0875B39',
    dataSigned: 'ADB20420BDE8CDA6771249188817098FCA8CCF8EEF2120A31E3F64F5812026BF',
    sigName: 'sig'
  },
  {
    sigType: 'K256',
    signatureShare: 'FF2D8B5645A23BE7B455A3CC4C3133865798A93D1C3EF22C50203CA044379246',
    shareIndex: 0,
    bigR: '02053081148E29BEA8CD6A3E03171C06FE1E25DE2F58783F8DE87BAE413DE690A7',
    publicKey: '04805555358BE98ED8F2535D8148E4626A0170FEB9EAD6280EAF31BF1FCE6CEFD51A3ECCBC51FB30A5F1BE25CC52F8119AF9C3C08F108C259CCDC2D5B2D0875B39',
    dataSigned: 'ADB20420BDE8CDA6771249188817098FCA8CCF8EEF2120A31E3F64F5812026BF',
    sigName: 'sig'
  }
]
[Lit-JS-SDK v7.0.1-alpha-0] [2025-01-04T00:34:01.692Z] [36m[DEBUG][0m [core] [36m[id: 6ccf3a9edd6a1][0m number of shares for sig: 3
[Lit-JS-SDK v7.0.1-alpha-0] [2025-01-04T00:34:01.692Z] [36m[DEBUG][0m [core] [36m[id: 6ccf3a9edd6a1][0m validated length for signature: sig 2
[Lit-JS-SDK v7.0.1-alpha-0] [2025-01-04T00:34:01.692Z] [36m[DEBUG][0m [core] [36m[id: 6ccf3a9edd6a1][0m minimum required shares for threshold: 2
using deprecated parameters for `initSync()`; pass a single object instead
[Lit-JS-SDK v7.0.1-alpha-0] [2025-01-04T00:34:01.716Z] [36m[DEBUG][0m [core] [36m[id: 6ccf3a9edd6a1][0m signature combination {
  signature: {
    r: '053081148e29bea8cd6a3e03171c06fe1e25de2f58783f8de87bae413de690a7',
    s: '54bc5b2ba638863c430e96bf5090f46810284a5a4baaf3692b53f0f5802fc3b9',
    recid: 0,
    signature: '0x053081148e29bea8cd6a3e03171c06fe1e25de2f58783f8de87bae413de690a754bc5b2ba638863c430e96bf5090f46810284a5a4baaf3692b53f0f5802fc3b91b',
    publicKey: '04805555358BE98ED8F2535D8148E4626A0170FEB9EAD6280EAF31BF1FCE6CEFD51A3ECCBC51FB30A5F1BE25CC52F8119AF9C3C08F108C259CCDC2D5B2D0875B39',
    dataSigned: 'ADB20420BDE8CDA6771249188817098FCA8CCF8EEF2120A31E3F64F5812026BF'
  }
}
